# JRE version: Java(TM) SE Runtime Environment (17.0.6+9) (build 17.0.6+9-LTS-190)
# Java VM: Java HotSpot(TM) 64-Bit Server VM (17.0.6+9-LTS-190, mixed mode, sharing, tiered, compressed oops, compressed class ptrs, g1 gc, windows-amd64)
GC Precious Log:
 CPUs: 4 total, 4 available
 Memory: 3885M
 Large Page Support: Disabled
 NUMA Support: Disabled
 Compressed Oops: Enabled (32-bit)
 Heap Region Size: 1M
 Heap Min Capacity: 8M
 Heap Initial Capacity: 62M
 Heap Max Capacity: 972M
 Pre-touch: Disabled
 Parallel Workers: 4
 Concurrent Workers: 1
 Concurrent Refinement Workers: 4
 Periodic GC: Disabled
Heap:
 garbage-first heap   total 109568K, used 46979K [0x00000000c3400000, 0x0000000100000000)
  region size 1024K, 2 young (2048K), 2 survivors (2048K)
 Metaspace       used 87834K, committed 88192K, reserved 1130496K
  class space    used 12165K, committed 12352K, reserved 1048576K
GC Heap History (20 events):
Event: 23.881 GC heap after
{Heap after GC invocations=32 (full 0):
 garbage-first heap   total 81920K, used 40136K [0x00000000c3400000, 0x0000000100000000)
  region size 1024K, 2 young (2048K), 2 survivors (2048K)
 Metaspace       used 68092K, committed 68352K, reserved 1114112K
  class space    used 9604K, committed 9728K, reserved 1048576K
}
Event: 25.661 GC heap before
{Heap before GC invocations=33 (full 0):
 garbage-first heap   total 81920K, used 66760K [0x00000000c3400000, 0x0000000100000000)
  region size 1024K, 28 young (28672K), 2 survivors (2048K)
 Metaspace       used 73246K, committed 73600K, reserved 1114112K
  class space    used 10293K, committed 10432K, reserved 1048576K
}
Event: 25.667 GC heap after
{Heap after GC invocations=34 (full 0):
 garbage-first heap   total 81920K, used 41299K [0x00000000c3400000, 0x0000000100000000)
  region size 1024K, 3 young (3072K), 3 survivors (3072K)
 Metaspace       used 73246K, committed 73600K, reserved 1114112K
  class space    used 10293K, committed 10432K, reserved 1048576K
}
Event: 26.762 GC heap before
{Heap before GC invocations=34 (full 0):
 garbage-first heap   total 81920K, used 65875K [0x00000000c3400000, 0x0000000100000000)
  region size 1024K, 28 young (28672K), 3 survivors (3072K)
 Metaspace       used 79250K, committed 79616K, reserved 1122304K
  class space    used 11044K, committed 11200K, reserved 1048576K
}
Event: 26.770 GC heap after
{Heap after GC invocations=35 (full 0):
 garbage-first heap   total 81920K, used 42538K [0x00000000c3400000, 0x0000000100000000)
  region size 1024K, 3 young (3072K), 3 survivors (3072K)
 Metaspace       used 79250K, committed 79616K, reserved 1122304K
  class space    used 11044K, committed 11200K, reserved 1048576K
}
Event: 28.102 GC heap before
{Heap before GC invocations=36 (full 0):
 garbage-first heap   total 81920K, used 67114K [0x00000000c3400000, 0x0000000100000000)
  region size 1024K, 27 young (27648K), 3 survivors (3072K)
 Metaspace       used 85084K, committed 85440K, reserved 1130496K
  class space    used 11790K, committed 11968K, reserved 1048576K
}
Event: 28.107 GC heap after
{Heap after GC invocations=37 (full 0):
 garbage-first heap   total 81920K, used 43447K [0x00000000c3400000, 0x0000000100000000)
  region size 1024K, 3 young (3072K), 3 survivors (3072K)
 Metaspace       used 85084K, committed 85440K, reserved 1130496K
  class space    used 11790K, committed 11968K, reserved 1048576K
}
Event: 28.141 GC heap before
{Heap before GC invocations=37 (full 0):
 garbage-first heap   total 81920K, used 44471K [0x00000000c3400000, 0x0000000100000000)
  region size 1024K, 4 young (4096K), 3 survivors (3072K)
 Metaspace       used 85331K, committed 85632K, reserved 1130496K
  class space    used 11821K, committed 11968K, reserved 1048576K
}
Event: 28.144 GC heap after
{Heap after GC invocations=38 (full 0):
 garbage-first heap   total 81920K, used 42914K [0x00000000c3400000, 0x0000000100000000)
  region size 1024K, 1 young (1024K), 1 survivors (1024K)
 Metaspace       used 85331K, committed 85632K, reserved 1130496K
  class space    used 11821K, committed 11968K, reserved 1048576K
}
Event: 34.128 GC heap before
{Heap before GC invocations=38 (full 0):
 garbage-first heap   total 81920K, used 55202K [0x00000000c3400000, 0x0000000100000000)
  region size 1024K, 15 young (15360K), 1 survivors (1024K)
 Metaspace       used 87831K, committed 88192K, reserved 1130496K
  class space    used 12165K, committed 12352K, reserved 1048576K
}
Event: 34.133 GC heap after
{Heap after GC invocations=39 (full 0):
 garbage-first heap   total 109568K, used 43901K [0x00000000c3400000, 0x0000000100000000)
  region size 1024K, 2 young (2048K), 2 survivors (2048K)
 Metaspace       used 87831K, committed 88192K, reserved 1130496K
  class space    used 12165K, committed 12352K, reserved 1048576K
}
Event: 34.138 GC heap before
{Heap before GC invocations=39 (full 0):
 garbage-first heap   total 109568K, used 51069K [0x00000000c3400000, 0x0000000100000000)
  region size 1024K, 4 young (4096K), 2 survivors (2048K)
 Metaspace       used 87832K, committed 88192K, reserved 1130496K
  class space    used 12165K, committed 12352K, reserved 1048576K
}
Event: 34.140 GC heap after
{Heap after GC invocations=40 (full 0):
 garbage-first heap   total 109568K, used 48021K [0x00000000c3400000, 0x0000000100000000)
  region size 1024K, 2 young (2048K), 2 survivors (2048K)
 Metaspace       used 87832K, committed 88192K, reserved 1130496K
  class space    used 12165K, committed 12352K, reserved 1048576K
}
Event: 34.141 GC heap before
{Heap before GC invocations=40 (full 0):
 garbage-first heap   total 109568K, used 50069K [0x00000000c3400000, 0x0000000100000000)
  region size 1024K, 3 young (3072K), 2 survivors (2048K)
 Metaspace       used 87832K, committed 88192K, reserved 1130496K
  class space    used 12165K, committed 12352K, reserved 1048576K
}
Event: 34.144 GC heap after
{Heap after GC invocations=41 (full 0):
 garbage-first heap   total 109568K, used 46994K [0x00000000c3400000, 0x0000000100000000)
  region size 1024K, 2 young (2048K), 2 survivors (2048K)
 Metaspace       used 87832K, committed 88192K, reserved 1130496K
  class space    used 12165K, committed 12352K, reserved 1048576K
}
Event: 34.169 GC heap before
{Heap before GC invocations=41 (full 0):
 garbage-first heap   total 109568K, used 50066K [0x00000000c3400000, 0x0000000100000000)
  region size 1024K, 3 young (3072K), 2 survivors (2048K)
 Metaspace       used 87834K, committed 88192K, reserved 1130496K
  class space    used 12165K, committed 12352K, reserved 1048576K
}
Event: 34.172 GC heap after
{Heap after GC invocations=42 (full 0):
 garbage-first heap   total 109568K, used 47995K [0x00000000c3400000, 0x0000000100000000)
  region size 1024K, 2 young (2048K), 2 survivors (2048K)
 Metaspace       used 87834K, committed 88192K, reserved 1130496K
  class space    used 12165K, committed 12352K, reserved 1048576K
}
Event: 34.175 GC heap before
{Heap before GC invocations=42 (full 0):
 garbage-first heap   total 109568K, used 50043K [0x00000000c3400000, 0x0000000100000000)
  region size 1024K, 3 young (3072K), 2 survivors (2048K)
 Metaspace       used 87834K, committed 88192K, reserved 1130496K
  class space    used 12165K, committed 12352K, reserved 1048576K
}
Event: 34.177 GC heap after
{Heap after GC invocations=43 (full 0):
 garbage-first heap   total 109568K, used 49027K [0x00000000c3400000, 0x0000000100000000)
  region size 1024K, 2 young (2048K), 2 survivors (2048K)
 Metaspace       used 87834K, committed 88192K, reserved 1130496K
  class space    used 12165K, committed 12352K, reserved 1048576K
}
Event: 34.179 GC heap before
{Heap before GC invocations=43 (full 0):
 garbage-first heap   total 109568K, used 50051K [0x00000000c3400000, 0x0000000100000000)
  region size 1024K, 3 young (3072K), 2 survivors (2048K)
 Metaspace       used 87834K, committed 88192K, reserved 1130496K
  class space    used 12165K, committed 12352K, reserved 1048576K
}

